2024-03-12 14:24:46 - root - INFO - ************  Strategy Starts ***********
2024-03-12 14:25:00 - root - INFO - *****************************************
2024-03-12 14:25:00 - root - INFO - [UPDATE] HK.01099 price: 22.2
2024-03-12 14:25:00 - root - INFO - [STRATEGY] MACD
2024-03-12 14:25:00 - root - INFO - [POSITION] Holding 0 of HK.01099
2024-03-12 14:25:01 - root - INFO - [ALLOCATE] 0.1 of total cash allocated to HK.01099
2024-03-12 14:25:02 - root - INFO - [UPDATE] HK.00700 price: 288.2
2024-03-12 14:25:02 - root - INFO - [STRATEGY] MACD
2024-03-12 14:25:02 - root - INFO - [POSITION] Holding 0 of HK.00700
2024-03-12 14:25:02 - root - INFO - [ALLOCATE] 0.1 of total cash allocated to HK.00700
2024-03-12 14:26:00 - root - INFO - *****************************************
2024-03-12 14:26:00 - root - INFO - [UPDATE] HK.01099 price: 22.25
2024-03-12 14:26:00 - root - INFO - [STRATEGY] MACD
2024-03-12 14:26:00 - root - INFO - [POSITION] Holding 0 of HK.01099
2024-03-12 14:26:01 - root - INFO - [ALLOCATE] 0.1 of total cash allocated to HK.01099
2024-03-12 14:26:01 - root - INFO - [UPDATE] HK.00700 price: 288.2
2024-03-12 14:26:01 - root - INFO - [STRATEGY] MACD
2024-03-12 14:26:01 - root - INFO - [POSITION] Holding 0 of HK.00700
2024-03-12 14:26:01 - root - INFO - [ALLOCATE] 0.1 of total cash allocated to HK.00700
2024-03-12 14:27:00 - root - INFO - *****************************************
2024-03-12 14:27:00 - root - INFO - [UPDATE] HK.01099 price: 22.2
2024-03-12 14:27:00 - root - INFO - [STRATEGY] MACD
2024-03-12 14:27:00 - root - INFO - [POSITION] Holding 0 of HK.01099
2024-03-12 14:27:01 - root - INFO - [ALLOCATE] 0.1 of total cash allocated to HK.01099
2024-03-12 14:27:01 - root - INFO - [UPDATE] HK.00700 price: 288.8
2024-03-12 14:27:01 - root - INFO - [STRATEGY] MACD
2024-03-12 14:27:01 - root - INFO - [POSITION] Holding 0 of HK.00700
2024-03-12 14:27:01 - root - INFO - [ALLOCATE] 0.1 of total cash allocated to HK.00700
2024-03-12 14:28:00 - root - INFO - *****************************************
2024-03-12 14:28:00 - root - INFO - [UPDATE] HK.01099 price: 22.2
2024-03-12 14:28:00 - root - INFO - [STRATEGY] MACD
2024-03-12 14:28:00 - root - INFO - [POSITION] Holding 0 of HK.01099
2024-03-12 14:28:00 - root - INFO - [ALLOCATE] 0.1 of total cash allocated to HK.01099
2024-03-12 14:28:00 - root - INFO - [UPDATE] HK.00700 price: 288.8
2024-03-12 14:28:00 - root - INFO - [STRATEGY] MACD
2024-03-12 14:28:00 - root - INFO - [POSITION] Holding 0 of HK.00700
2024-03-12 14:28:00 - root - INFO - [ALLOCATE] 0.1 of total cash allocated to HK.00700
2024-03-12 14:29:00 - root - INFO - *****************************************
2024-03-12 14:29:00 - root - INFO - [UPDATE] HK.01099 price: 22.2
2024-03-12 14:29:00 - root - INFO - [STRATEGY] MACD
2024-03-12 14:29:00 - root - INFO - [POSITION] Holding 0 of HK.01099
2024-03-12 14:29:01 - root - INFO - [ALLOCATE] 0.1 of total cash allocated to HK.01099
2024-03-12 14:29:01 - root - INFO - [UPDATE] HK.00700 price: 288.8
2024-03-12 14:29:01 - root - INFO - [STRATEGY] MACD
2024-03-12 14:29:01 - root - INFO - [POSITION] Holding 0 of HK.00700
2024-03-12 14:29:01 - root - INFO - [ALLOCATE] 0.1 of total cash allocated to HK.00700
2024-03-12 14:29:59 - root - INFO - *****************************************
2024-03-12 14:30:00 - root - INFO - [UPDATE] HK.01099 price: 22.25
2024-03-12 14:30:00 - root - INFO - [STRATEGY] MACD
2024-03-12 14:30:00 - root - INFO - [POSITION] Holding 0 of HK.01099
2024-03-12 14:30:00 - root - INFO - [ALLOCATE] 0.1 of total cash allocated to HK.01099
2024-03-12 14:30:00 - root - INFO - [UPDATE] HK.00700 price: 289.0
2024-03-12 14:30:00 - root - INFO - [STRATEGY] MACD
2024-03-12 14:30:00 - root - INFO - [POSITION] Holding 0 of HK.00700
2024-03-12 14:30:00 - root - INFO - [ALLOCATE] 0.1 of total cash allocated to HK.00700
2024-03-12 14:30:10 - root - INFO - ************  Strategy Starts ***********
2024-03-12 14:31:00 - root - INFO - *****************************************
2024-03-12 14:31:00 - root - INFO - [UPDATE] HK.01099 price: 22.2
2024-03-12 14:31:00 - root - INFO - [STRATEGY] MACD
2024-03-12 14:31:00 - root - INFO - [POSITION] Holding 0 shares of HK.01099
2024-03-12 14:31:01 - root - INFO - [ALLOCATE] 0.1 of 969447.235 (cash) allocated to HK.01099
2024-03-12 14:31:02 - root - INFO - [UPDATE] HK.00700 price: 289.2
2024-03-12 14:31:02 - root - INFO - [STRATEGY] MACD
2024-03-12 14:31:02 - root - INFO - [POSITION] Holding 0 shares of HK.00700
2024-03-12 14:31:02 - root - INFO - [ALLOCATE] 0.1 of 969447.235 (cash) allocated to HK.00700
2024-03-12 14:32:00 - root - INFO - *****************************************
2024-03-12 14:32:00 - root - INFO - [UPDATE] HK.01099 price: 22.2
2024-03-12 14:32:00 - root - INFO - [STRATEGY] MACD
2024-03-12 14:32:00 - root - INFO - [POSITION] Holding 0 shares of HK.01099
2024-03-12 14:32:01 - root - INFO - [ALLOCATE] 0.1 of 969447.235 (cash) allocated to HK.01099
2024-03-12 14:32:01 - root - INFO - [UPDATE] HK.00700 price: 289.0
2024-03-12 14:32:01 - root - INFO - [STRATEGY] MACD
2024-03-12 14:32:01 - root - INFO - [POSITION] Holding 0 shares of HK.00700
2024-03-12 14:32:01 - root - INFO - [ALLOCATE] 0.1 of 969447.235 (cash) allocated to HK.00700
2024-03-12 14:33:00 - root - INFO - *****************************************
2024-03-12 14:33:00 - root - INFO - [UPDATE] HK.01099 price: 22.15
2024-03-12 14:33:00 - root - INFO - [STRATEGY] MACD
2024-03-12 14:33:00 - root - INFO - [POSITION] Holding 0 shares of HK.01099
2024-03-12 14:33:01 - root - INFO - [ALLOCATE] 0.1 of 969447.235 (cash) allocated to HK.01099
2024-03-12 14:33:01 - root - INFO - [UPDATE] HK.00700 price: 288.6
2024-03-12 14:33:01 - root - INFO - [STRATEGY] MACD
2024-03-12 14:33:01 - root - INFO - [POSITION] Holding 0 shares of HK.00700
2024-03-12 14:33:02 - root - INFO - [ALLOCATE] 0.1 of 969447.235 (cash) allocated to HK.00700
